Cleaning output directory (./../../../vendor/lge/sdm845-common/proprietary)..
Extracting 969 files in ./proprietary-files.txt from /home/markus/V40/V409NO30b/system/:
  - bin/dpm
  - bin/sigma_miracasthalservice
  - bin/wfdservice
  - etc/init/com.qualcomm.qti.sigma_miracast@1.0-service.rc
  - etc/init/wfdservice.rc
  - etc/permissions/audiosphere.xml
  - etc/sysconfig/qti_whitelist.xml
  - etc/wfdconfigsink.xml
  - framework/audiosphere.jar
Checking if system is odexed and locating boot.oats...
  - framework/tcmclient.jar
  - lib/com.qualcomm.qti.wifidisplayhal@1.0.so
  - lib/extractors/libmmparserextractor.so
  - lib/hw/vendor.qti.hardware.sigma_miracast@1.0-impl.so
  - lib/libFileMux.so
  - lib/libOmxMux.so
  - lib/libbtconfigstore.so
  - lib/libmiracastsystem.so
  - lib/libmmosal.so
  - lib/libmmparser_lite.so
  - lib/libmmrtpdecoder.so
  - lib/libmmrtpencoder.so
  - lib/libwfd_remoteif.so
  - lib/libwfdaac.so
  - lib/libwfdavenhancements.so
  - lib/libwfdclient.so
  - lib/libwfdcommonutils.so
  - lib/libwfdconfigutils.so
  - lib/libwfdmminterface.so
  - lib/libwfdmmsink.so
  - lib/libwfdmmsrc_system.so
  - lib/libwfdnative.so
  - lib/libwfdrtsp.so
  - lib/libwfdservice.so
  - lib/libwfdsinksm.so
  - lib/libwfdsm.so
  - lib/libwfduibcinterface.so
  - lib/libwfduibcsink.so
  - lib/libwfduibcsinkinterface.so
  - lib/libwfduibcsrc.so
  - lib/libwfduibcsrcinterface.so
  - lib/vendor.qti.hardware.sigma_miracast@1.0-halimpl.so
  - lib64/com.qualcomm.qti.wifidisplayhal@1.0.so
  - lib64/extractors/libmmparserextractor.so
  - lib64/hw/vendor.qti.hardware.sigma_miracast@1.0-impl.so
  - lib64/libFileMux.so
  - lib64/libbtconfigstore.so
  - lib64/libmiracastsystem.so
  - lib64/libmmosal.so
  - lib64/libmmparser_lite.so
  - lib64/libmmrtpdecoder.so
  - lib64/libmmrtpencoder.so
  - lib64/libwfd_remoteif.so
  - lib64/libwfdclient.so
  - lib64/libwfdnative.so
  - lib64/libwfdsinksm.so
  - lib64/vendor.qti.hardware.sigma_miracast@1.0-halimpl.so
  - product/etc/dpm/dpm.conf
  - product/etc/permissions/com.qti.dpmframework.xml
  - product/etc/permissions/dpmapi.xml
  - product/etc/permissions/qcrilhook.xml
  - product/etc/permissions/telephonyservice.xml
  - product/framework/QtiTelephonyServicelibrary.jar
  - product/framework/com.qti.dpmframework.jar
  - product/framework/dpmapi.jar
  - product/framework/qcrilhook.jar
  - product/lib/com.qualcomm.qti.dpm.api@1.0.so
  - product/lib/libdpmctmgr.so
  - product/lib/libdpmfdmgr.so
  - product/lib/libdpmframework.so
  - product/lib/libdpmtcm.so
  - product/lib/libsdm-disp-apis.qti.so
  - product/lib/vendor.lge.hardware.soi@1.0.so
  - product/lib/vendor.qti.hardware.cryptfshw@1.0.so
  - product/lib/vendor.qti.hardware.fm@1.0.so
  - product/lib/vendor.qti.hardware.sigma_miracast@1.0.so
  - product/lib64/com.qualcomm.qti.dpm.api@1.0.so
  - product/lib64/libaptXHD_encoder.so
    + keeping pinned file with hash e13fa70c97caaa24d061678bdee608eb8850a69e
  - product/lib64/libaptX_encoder.so
    + keeping pinned file with hash df1c89d7af1bb35808d5fe3496b04ba066c10cbc
  - product/lib64/libcryptfs_hw.so
  - product/lib64/libdpmctmgr.so
  - product/lib64/libdpmfdmgr.so
  - product/lib64/libdpmframework.so
  - product/lib64/libdpmtcm.so
  - product/lib64/libsdm-disp-apis.qti.so
  - product/lib64/vendor.lge.hardware.soi@1.0.so
  - product/lib64/vendor.qti.hardware.cryptfshw@1.0.so
  - product/lib64/vendor.qti.hardware.fm@1.0.so
  - product/lib64/vendor.qti.hardware.sigma_miracast@1.0.so
  - vendor/bin/ATFWD-daemon
  - vendor/bin/adpl
  - vendor/bin/adsprpcd
  - vendor/bin/athdiag
  - vendor/bin/cdsprpcd
  - vendor/bin/cnd
  - vendor/bin/cnss-daemon
  - vendor/bin/cpfirmware
  - vendor/bin/dpmQmiMgr
  - vendor/bin/fstman
  - vendor/bin/hbtp_daemon
  - vendor/bin/hvdcp_opti
  - vendor/bin/hw/android.hardware.bluetooth@1.0-service-qti
  - vendor/bin/hw/android.hardware.drm@1.2-service.widevine
  - vendor/bin/hw/android.hardware.gnss@2.0-service-qti
  - vendor/bin/hw/android.hardware.neuralnetworks@1.2-service-qti
  - vendor/bin/hw/qcrild
  - vendor/bin/hw/vendor.display.color@1.0-service
  - vendor/bin/hw/vendor.lge.hardware.bootproperty@1.0-service
  - vendor/bin/hw/vendor.lge.hardware.configstore@1.0-service
  - vendor/bin/hw/vendor.lge.hardware.platform@1.1-service
  - vendor/bin/hw/vendor.lge.hardware.property@2.0-service
  - vendor/bin/hw/vendor.lge.hardware.soi@1.0-service
  - vendor/bin/hw/vendor.lge.hardware.vss_ims@1.0-service
  - vendor/bin/hw/vendor.qti.esepowermanager@1.0-service
  - vendor/bin/hw/vendor.qti.hardware.capabilityconfigstore@1.0-service
  - vendor/bin/hw/vendor.qti.hardware.cryptfshw@1.0-service-qti
  - vendor/bin/hw/vendor.qti.hardware.cvp@1.0-service
  - vendor/bin/hw/vendor.qti.hardware.factory@1.0-service
  - vendor/bin/hw/vendor.qti.hardware.iop@2.0-service
  - vendor/bin/hw/vendor.qti.hardware.perf@2.0-service
  - vendor/bin/hw/vendor.qti.hardware.qdutils_disp@1.0-service-qti
  - vendor/bin/hw/vendor.qti.hardware.qteeconnector@1.0-service
  - vendor/bin/hw/vendor.qti.hardware.soter@1.0-service
  - vendor/bin/hw/vendor.qti.hardware.tui_comm@1.0-service-qti
  - vendor/bin/init.qti.chg_policy.sh
  - vendor/bin/ipacm-diag
  - vendor/bin/irsc_util
  - vendor/bin/loc_launcher
  - vendor/bin/lowi-server
  - vendor/bin/mlid
  - vendor/bin/mm-pp-dpps
  - vendor/bin/msm_irqbalance
  - vendor/bin/netmgrd
  - vendor/bin/pd-mapper
  - vendor/bin/ppd
  - vendor/bin/qrtr-cfg
  - vendor/bin/qrtr-lookup
  - vendor/bin/qrtr-ns
  - vendor/bin/qti
  - vendor/bin/rmt_storage
  - vendor/bin/sigma_dut
  - vendor/bin/ssr_diag
  - vendor/bin/ssr_setup
  - vendor/bin/subsystem_ramdump
  - vendor/bin/tftp_server
  - vendor/bin/thermal-engine
  - vendor/bin/time_daemon
  - vendor/bin/vppservice
  - vendor/bin/wfdhdcphalservice
  - vendor/bin/wfdvndservice
  - vendor/bin/wifidisplayhalservice
  - vendor/bin/xtra-daemon
  - vendor/bin/xtwifi-client
  - vendor/bin/xtwifi-inet-agent
  - vendor/etc/cacert_location.pem
  - vendor/etc/cne/wqeclient/ATT/ATT_profile1.xml
  - vendor/etc/cne/wqeclient/ATT/ATT_profile2.xml
  - vendor/etc/cne/wqeclient/ATT/ATT_profile3.xml
  - vendor/etc/cne/wqeclient/ATT/ATT_profile4.xml
  - vendor/etc/cne/wqeclient/ATT/ATT_profile5.xml
  - vendor/etc/cne/wqeclient/ATT/ATT_profile6.xml
  - vendor/etc/cne/wqeclient/ROW/ROW_profile1.xml
  - vendor/etc/cne/wqeclient/ROW/ROW_profile15.xml
  - vendor/etc/cne/wqeclient/ROW/ROW_profile16.xml
  - vendor/etc/cne/wqeclient/ROW/ROW_profile17.xml
  - vendor/etc/cne/wqeclient/ROW/ROW_profile18.xml
  - vendor/etc/cne/wqeclient/ROW/ROW_profile19.xml
  - vendor/etc/cne/wqeclient/ROW/ROW_profile2.xml
  - vendor/etc/cne/wqeclient/ROW/ROW_profile20.xml
  - vendor/etc/cne/wqeclient/ROW/ROW_profile21.xml
  - vendor/etc/cne/wqeclient/ROW/ROW_profile3.xml
  - vendor/etc/cne/wqeclient/ROW/ROW_profile32.xml
  - vendor/etc/cne/wqeclient/ROW/ROW_profile4.xml
  - vendor/etc/cne/wqeclient/ROW/ROW_profile5.xml
  - vendor/etc/cne/wqeclient/ROW/ROW_profile6.xml
  - vendor/etc/cne/wqeclient/ROW/ROW_profile7.xml
  - vendor/etc/cne/wqeclient/VZW/VZW_profile1.xml
  - vendor/etc/cne/wqeclient/VZW/VZW_profile2.xml
  - vendor/etc/cne/wqeclient/VZW/VZW_profile3.xml
  - vendor/etc/cne/wqeclient/VZW/VZW_profile4.xml
  - vendor/etc/cne/wqeclient/VZW/VZW_profile5.xml
  - vendor/etc/cne/wqeclient/VZW/VZW_profile6.xml
  - vendor/etc/configstore/vpp.configstore.xml
  - vendor/etc/data/dsi_config.xml
    + Fixed up vendor/etc/data/dsi_config.xml
  - vendor/etc/data/netmgr_config.xml
    + Fixed up vendor/etc/data/netmgr_config.xml
  - vendor/etc/hbtp/hbtpcfg.dat
  - vendor/etc/hbtp/hbtpcfg_sdm845_800h_qhd.dat
  - vendor/etc/hbtp/hbtpcfg_sdm845_800s_4k.dat
  - vendor/etc/hbtp/hbtpcfg_sdm845_800s_qhd.dat
  - vendor/etc/hbtp/loader.cfg
  - vendor/etc/hbtp/qtc800h.bin
  - vendor/etc/hbtp/qtc800s_dsp.bin
  - vendor/etc/init/android.hardware.bluetooth@1.0-service-qti.rc
  - vendor/etc/init/android.hardware.drm@1.1-service.wfdhdcp.rc
  - vendor/etc/init/android.hardware.drm@1.2-service.widevine.rc
  - vendor/etc/init/android.hardware.gnss@2.0-service-qti.rc
  - vendor/etc/init/android.hardware.neuralnetworks@1.2-service-qti.rc
  - vendor/etc/init/cnd.rc
  - vendor/etc/init/com.qualcomm.qti.wifidisplayhal@1.0-service.rc
  - vendor/etc/init/dataadpl.rc
  - vendor/etc/init/dataqti.rc
  - vendor/etc/init/dpmQmiMgr.rc
  - vendor/etc/init/init-qcril-data.rc
  - vendor/etc/init/init.time_daemon.rc
  - vendor/etc/init/netmgrd.rc
  - vendor/etc/init/qcrild.rc
  - vendor/etc/init/vendor.display.color@1.0-service.rc
  - vendor/etc/init/vendor.lge.hardware.bootproperty@1.0-service.rc
  - vendor/etc/init/vendor.lge.hardware.configstore@1.0-service.rc
  - vendor/etc/init/vendor.lge.hardware.platform@1.1-service.rc
  - vendor/etc/init/vendor.lge.hardware.property@2.0-service.rc
  - vendor/etc/init/vendor.lge.hardware.soi@1.0-service.rc
  - vendor/etc/init/vendor.lge.hardware.vss_ims@1.0-service.rc
  - vendor/etc/init/vendor.qti.adsprpc-guestos-service.rc
  - vendor/etc/init/vendor.qti.esepowermanager@1.0-service.rc
  - vendor/etc/init/vendor.qti.hardware.capabilityconfigstore@1.0-service.rc
  - vendor/etc/init/vendor.qti.hardware.charger_monitor@1.0-service.rc
  - vendor/etc/init/vendor.qti.hardware.cryptfshw@1.0-service-qti.rc
  - vendor/etc/init/vendor.qti.hardware.cvp@1.0-service.rc
  - vendor/etc/init/vendor.qti.hardware.factory@1.0-service.rc
  - vendor/etc/init/vendor.qti.hardware.fstman@1.0-service.rc
  - vendor/etc/init/vendor.qti.hardware.iop@2.0-service.rc
  - vendor/etc/init/vendor.qti.hardware.perf@2.0-service.rc
  - vendor/etc/init/vendor.qti.hardware.qdutils_disp@1.0-service-qti.rc
  - vendor/etc/init/vendor.qti.hardware.qteeconnector@1.0-service.rc
  - vendor/etc/init/vendor.qti.hardware.soter@1.0-service.rc
  - vendor/etc/init/vendor.qti.hardware.tui_comm@1.0-service-qti.rc
  - vendor/etc/init/wfdvndservice.rc
  - vendor/etc/msm_irqbalance.conf
  - vendor/etc/perf/commonresourceconfigs.xml
  - vendor/etc/perf/perf-profile0.conf
  - vendor/etc/perf/perf-profile1.conf
  - vendor/etc/perf/perf-profile2.conf
  - vendor/etc/perf/perf-profile3.conf
  - vendor/etc/perf/perf-profile4.conf
  - vendor/etc/perf/perf-profile5.conf
  - vendor/etc/perf/perf-profile6.conf
  - vendor/etc/perf/perfboostsconfig.xml
  - vendor/etc/perf/perfconfigstore.xml
  - vendor/etc/perf/targetconfig.xml
  - vendor/etc/perf/targetresourceconfigs.xml
  - vendor/etc/powerhint.xml
  - vendor/etc/scve/facereco/gModel.dat
  - vendor/etc/sec_config
  - vendor/etc/thermal-engine-default.conf
  - vendor/etc/thermal-engine.conf
  - vendor/etc/vintf/manifest/android.hardware.gnss@2.0-service-qti.xml
  - vendor/etc/vintf/manifest/vendor.qti.gnss@3.0-service.xml
  - vendor/etc/wfdconfig.xml
  - vendor/etc/xtra_root_cert.pem
  - vendor/lib/btaudio_offload_if.so
  - vendor/lib/com.qualcomm.qti.ant@1.0.so
  - vendor/lib/com.qualcomm.qti.dpm.api@1.0.so
  - vendor/lib/com.qualcomm.qti.uceservice@2.0.so
  - vendor/lib/com.qualcomm.qti.uceservice@2.1.so
  - vendor/lib/egl/eglSubDriverAndroid.so
  - vendor/lib/egl/libEGL_adreno.so
  - vendor/lib/egl/libGLESv1_CM_adreno.so
  - vendor/lib/egl/libGLESv2_adreno.so
  - vendor/lib/egl/libQTapGLES.so
  - vendor/lib/egl/libq3dtools_adreno.so
  - vendor/lib/egl/libq3dtools_esx.so
  - vendor/lib/hw/android.hardware.bluetooth@1.0-impl-qti.so
  - vendor/lib/hw/android.hardware.gnss@2.0-impl-qti.so
  - vendor/lib/hw/audio.bluetooth_qti.default.so
  - vendor/lib/hw/audio.primary.sdm845.so
  - vendor/lib/hw/com.qualcomm.qti.ant@1.0-impl.so
  - vendor/lib/hw/power.sdm845.so
  - vendor/lib/hw/sound_trigger.primary.sdm845.so
  - vendor/lib/hw/vendor.lge.hardware.bootproperty@1.0-impl.so
  - vendor/lib/hw/vendor.lge.hardware.property@2.0-impl.so
  - vendor/lib/hw/vendor.lge.hardware.soi@1.0-impl.so
  - vendor/lib/hw/vendor.lge.hardware.vss_ims@1.0-impl.so
  - vendor/lib/hw/vendor.qti.esepowermanager@1.0-impl.so
  - vendor/lib/hw/vendor.qti.gnss@3.0-impl.so
  - vendor/lib/hw/vendor.qti.hardware.bluetooth_audio@2.0-impl.so
  - vendor/lib/hw/vendor.qti.hardware.bluetooth_sar@1.0-impl.so
  - vendor/lib/hw/vendor.qti.hardware.btconfigstore@1.0-impl.so
  - vendor/lib/hw/vendor.qti.hardware.capabilityconfigstore@1.0-impl.so
  - vendor/lib/hw/vendor.qti.hardware.cvp@1.0-impl.so
  - vendor/lib/hw/vendor.qti.hardware.fm@1.0-impl.so
  - vendor/lib/hw/vendor.qti.hardware.iop@2.0-impl.so
  - vendor/lib/hw/vendor.qti.hardware.qteeconnector@1.0-impl.so
  - vendor/lib/hw/vendor.qti.hardware.soter@1.0-impl.so
  - vendor/lib/hw/vr.sdm845.so
  - vendor/lib/hw/vulkan.sdm845.so
  - vendor/lib/libAlacSwDec.so
  - vendor/lib/libApeSwDec.so
  - vendor/lib/libC2D2.so
  - vendor/lib/libCB.so
  - vendor/lib/libDxHdcp.so
  - vendor/lib/libFileMux_proprietary.so
  - vendor/lib/libFlacSwDec.so
  - vendor/lib/libGPTEE_vendor.so
  - vendor/lib/libI420colorconvert.so
  - vendor/lib/libMpeg4SwEncoder.so
  - vendor/lib/libOmxAacDec.so
  - vendor/lib/libOmxAlacDec.so
  - vendor/lib/libOmxAlacDecSw.so
  - vendor/lib/libOmxAmrDec.so
  - vendor/lib/libOmxAmrwbplusDec.so
  - vendor/lib/libOmxApeDec.so
  - vendor/lib/libOmxApeDecSw.so
  - vendor/lib/libOmxDsdDec.so
  - vendor/lib/libOmxEvrcDec.so
  - vendor/lib/libOmxG711Dec.so
  - vendor/lib/libOmxMux_proprietary.so
  - vendor/lib/libOmxQcelp13Dec.so
  - vendor/lib/libOmxSwVdec.so
  - vendor/lib/libOmxSwVencMpeg4.so
  - vendor/lib/libOmxVideoDSMode.so
  - vendor/lib/libOmxVpp.so
  - vendor/lib/libOmxWmaDec.so
  - vendor/lib/libOpenCL.so
  - vendor/lib/libQTEEConnector_vendor.so
  - vendor/lib/libRSDriver_adreno.so
  - vendor/lib/libSubSystemShutdown.so
  - vendor/lib/liba2dpoffload.so
  - vendor/lib/libacdb-fts.so
  - vendor/lib/libacdbloader.so
  - vendor/lib/libacdbrtac.so
  - vendor/lib/libadiertac.so
  - vendor/lib/libadm.so
  - vendor/lib/libadpcmdec.so
  - vendor/lib/libadreno_utils.so
  - vendor/lib/libadsp_default_listener.so
  - vendor/lib/libadsprpc.so
  - vendor/lib/libaoa.so
  - vendor/lib/libaudcal.so
  - vendor/lib/libaudio_log_utils.so
  - vendor/lib/libaudioalsa.so
  - vendor/lib/libbatching.so
  - vendor/lib/libbccQTI.so
  - vendor/lib/libbluetooth_audio_session.so
  - vendor/lib/libbluetooth_audio_session_qti.so
  - vendor/lib/libbt-hidlclient.so
  - vendor/lib/libbtnv.so
  - vendor/lib/libc2d30_bltlib.so
  - vendor/lib/libcacertclient.so
  - vendor/lib/libcdsp_default_listener.so
  - vendor/lib/libcdsprpc.so
  - vendor/lib/libcne.so
  - vendor/lib/libcneapiclient.so
  - vendor/lib/libcneoplookup.so
  - vendor/lib/libcneqmiutils.so
  - vendor/lib/libcomprcapture.so
  - vendor/lib/libconfigdb.so
  - vendor/lib/libcryptfshwcommon.so
  - vendor/lib/libcryptfshwhidl.so
  - vendor/lib/libcsd-client.so
  - vendor/lib/libcvp.so
  - vendor/lib/libcvp_common.so
  - vendor/lib/libcvp_stub.so
  - vendor/lib/libcvpcpuRev_skel.so
  - vendor/lib/libdataitems.so
  - vendor/lib/libdiag.so
  - vendor/lib/libdisp-aba.so
  - vendor/lib/libdisplayqos.so
  - vendor/lib/libdpmqmihal.so
  - vendor/lib/libdsd2pcm.so
  - vendor/lib/libdsi_netctrl.so
  - vendor/lib/libdsutils.so
  - vendor/lib/libfastcvopt.so
  - vendor/lib/libfastrpc_utf_stub.so
  - vendor/lib/libgcs-calwrapper.so
  - vendor/lib/libgcs-ipc.so
  - vendor/lib/libgcs-osal.so
  - vendor/lib/libgcs.so
  - vendor/lib/libgdtap.so
  - vendor/lib/libgeofencing.so
  - vendor/lib/libgnss.so
  - vendor/lib/libgnsspps.so
  - vendor/lib/libgps.utils.so
  - vendor/lib/libgsl.so
  - vendor/lib/libhbtpclient.so
  - vendor/lib/libhbtpdsp.so
  - vendor/lib/libhbtpfrmwk.so
  - vendor/lib/libhdmiedid.so
  - vendor/lib/libhdr_tm.so
  - vendor/lib/libidl.so
  - vendor/lib/libizat_client_api.so
  - vendor/lib/libizat_core.so
  - vendor/lib/libjnihelper.so
  - vendor/lib/libjson.so
  - vendor/lib/liblbs_core.so
  - vendor/lib/liblgesoi-impl.so
  - vendor/lib/liblistenjni.so
  - vendor/lib/liblistensoundmodel2.so
  - vendor/lib/libllvm-glnext.so
  - vendor/lib/libllvm-qcom.so
  - vendor/lib/libloc_api_v02.so
  - vendor/lib/libloc_core.so
  - vendor/lib/liblocation_api.so
  - vendor/lib/liblocationservice.so
  - vendor/lib/liblocationservice_glue.so
  - vendor/lib/liblowi_client.so
  - vendor/lib/liblowi_wifihal.so
  - vendor/lib/liblqe.so
  - vendor/lib/libmdmdetect.so
  - vendor/lib/libmdsprpc.so
  - vendor/lib/libminksocket.so
  - vendor/lib/libmiracast.so
  - vendor/lib/libmm-color-convertor.so
  - vendor/lib/libmm-hdcpmgr.so
  - vendor/lib/libmmosal_proprietary.so
  - vendor/lib/libmmparser_lite_proprietary.so
  - vendor/lib/libmmrtpdecoder_proprietary.so
  - vendor/lib/libmmrtpencoder_proprietary.so
  - vendor/lib/libmulawdec.so
  - vendor/lib/libnetmgr.so
  - vendor/lib/libnetmgr_common.so
  - vendor/lib/libnetmgr_nr_fusion.so
  - vendor/lib/libnetmgr_rmnet_ext.so
  - vendor/lib/libpatchcodeid_vendor.so
  - vendor/lib/libpcas_vendor.so
  - vendor/lib/libpdmapper.so
  - vendor/lib/libpdnotifier.so
  - vendor/lib/libperfconfig.so
  - vendor/lib/libperfgluelayer.so
  - vendor/lib/libqcci_legacy.so
  - vendor/lib/libqcmaputils.so
  - vendor/lib/libqcrilFramework.so
  - vendor/lib/libqdi.so
  - vendor/lib/libqdp.so
  - vendor/lib/libqmi.so
  - vendor/lib/libqmi_cci.so
  - vendor/lib/libqmi_client_helper.so
  - vendor/lib/libqmi_client_qmux.so
  - vendor/lib/libqmi_common_so.so
  - vendor/lib/libqmi_csi.so
  - vendor/lib/libqmi_encdec.so
  - vendor/lib/libqmi_wms_client_helper.so
  - vendor/lib/libqmiservices.so
  - vendor/lib/libqrtr.so
  - vendor/lib/libqseed3.so
  - vendor/lib/libqsocket.so
  - vendor/lib/libqti-iopd-client.so
  - vendor/lib/libqti-iopd.so
  - vendor/lib/libqti-perfd-client.so
  - vendor/lib/libqti-perfd.so
  - vendor/lib/libqti-util.so
  - vendor/lib/libqtigef.so
  - vendor/lib/libril-qc-hal-qmi.so
  - vendor/lib/libril-qc-ltedirectdisc.so
  - vendor/lib/libril-qc-qmi-1.so
  - vendor/lib/libril-qc-radioconfig.so
  - vendor/lib/libril-qcril-hook-oem.so
  - vendor/lib/libril.so
  - vendor/lib/librilqmiservices.so
  - vendor/lib/librmnetctl.so
  - vendor/lib/librs_adreno.so
  - vendor/lib/librs_adreno_sha1.so
  - vendor/lib/libscveBlobDescriptor.so
  - vendor/lib/libscveBlobDescriptor_stub.so
  - vendor/lib/libscveCommon.so
  - vendor/lib/libscveCommon_stub.so
  - vendor/lib/libscveObjectSegmentation.so
  - vendor/lib/libscveObjectTracker.so
  - vendor/lib/libscveObjectTracker_stub.so
  - vendor/lib/libscvePanorama.so
  - vendor/lib/libscvePanorama_lite.so
  - vendor/lib/libscveScan3D.so
  - vendor/lib/libsdedrm.so
  - vendor/lib/libsdm-color.so
  - vendor/lib/libsdm-diag.so
  - vendor/lib/libsdm-disp-vndapis.so
  - vendor/lib/libsdmextension.so
  - vendor/lib/libsdsprpc.so
  - vendor/lib/libsettings.so
  - vendor/lib/libsmwrapper.so
  - vendor/lib/libsndmonitor.so
  - vendor/lib/libspkrprot.so
  - vendor/lib/libsubsystem_control.so
  - vendor/lib/libswvdec.so
  - vendor/lib/libsysmon_cdsp_skel.so
  - vendor/lib/libsystem_health_mon.so
  - vendor/lib/libthermalclient.so
  - vendor/lib/libtime_genoff.so
  - vendor/lib/libtinyxml2_1.so
  - vendor/lib/libuicc_vendor.so
  - vendor/lib/libvppclient.so
  - vendor/lib/libvpphcp.so
  - vendor/lib/libvpphvx.so
  - vendor/lib/libvpplibrary.so
  - vendor/lib/libvss_common_idl.so
  - vendor/lib/libvss_common_iface.so
  - vendor/lib/libvss_dmi_qcci.so
  - vendor/lib/libvss_gnss_qcci.so
  - vendor/lib/libvss_ims_qcci.so
  - vendor/lib/libvss_nv_idl.so
  - vendor/lib/libvss_nv_iface.so
  - vendor/lib/libvss_resim_core.so
  - vendor/lib/libvss_resim_idl.so
  - vendor/lib/libvss_resim_iface.so
  - vendor/lib/libvssims-impl.so
  - vendor/lib/libwfdaac_vendor.so
  - vendor/lib/libwfdcodecv4l2_proprietary.so
  - vendor/lib/libwfdcommonutils_proprietary.so
  - vendor/lib/libwfdconfigutils_proprietary.so
  - vendor/lib/libwfdhdcpcp.so
  - vendor/lib/libwfdhdcpservice_proprietary.so
  - vendor/lib/libwfdmminterface_proprietary.so
  - vendor/lib/libwfdmmservice_proprietary.so
  - vendor/lib/libwfdmmsrc_proprietary.so
  - vendor/lib/libwfdmodulehdcpsession.so
  - vendor/lib/libwfdrtsp_proprietary.so
  - vendor/lib/libwfdsessionmodule.so
  - vendor/lib/libwfdsm_proprietary.so
  - vendor/lib/libwfdsourcesession_proprietary.so
  - vendor/lib/libwfdsourcesm_proprietary.so
  - vendor/lib/libwfduibcinterface_proprietary.so
  - vendor/lib/libwfduibcsink_proprietary.so
  - vendor/lib/libwfduibcsinkinterface_proprietary.so
  - vendor/lib/libwfduibcsrc_proprietary.so
  - vendor/lib/libwfduibcsrcinterface_proprietary.so
  - vendor/lib/libwms.so
  - vendor/lib/libwqe.so
  - vendor/lib/libxml.so
  - vendor/lib/libxtadapter.so
  - vendor/lib/qcrild_librilutils.so
  - vendor/lib/qtibus.so
  - vendor/lib/qtimutex.so
  - vendor/lib/soundfx/libasphere.so
  - vendor/lib/soundfx/libqcbassboost.so
  - vendor/lib/soundfx/libqcreverb.so
  - vendor/lib/soundfx/libqcvirt.so
  - vendor/lib/soundfx/libshoebox.so
  - vendor/lib/vendor.display.color@1.0.so
  - vendor/lib/vendor.display.color@1.1.so
  - vendor/lib/vendor.display.color@1.2.so
  - vendor/lib/vendor.display.postproc@1.0.so
  - vendor/lib/vendor.lge.hardware.bootproperty@1.0.so
  - vendor/lib/vendor.lge.hardware.property@2.0.so
  - vendor/lib/vendor.lge.hardware.radio@1.0.so
  - vendor/lib/vendor.lge.hardware.radio@1.1.so
  - vendor/lib/vendor.lge.hardware.radio@1.2.so
  - vendor/lib/vendor.lge.hardware.radio@1.3.so
  - vendor/lib/vendor.lge.hardware.soi@1.0.so
  - vendor/lib/vendor.lge.hardware.vss_ims@1.0.so
  - vendor/lib/vendor.qti.data.factory@2.0.so
  - vendor/lib/vendor.qti.data.factory@2.1.so
  - vendor/lib/vendor.qti.data.slm@1.0.so
  - vendor/lib/vendor.qti.esepowermanager@1.0.so
  - vendor/lib/vendor.qti.gnss@1.0.so
  - vendor/lib/vendor.qti.gnss@1.1.so
  - vendor/lib/vendor.qti.gnss@1.2.so
  - vendor/lib/vendor.qti.gnss@2.0.so
  - vendor/lib/vendor.qti.gnss@2.1.so
  - vendor/lib/vendor.qti.gnss@3.0-service.so
  - vendor/lib/vendor.qti.gnss@3.0.so
  - vendor/lib/vendor.qti.hardware.alarm@1.0.so
  - vendor/lib/vendor.qti.hardware.bluetooth_audio@2.0.so
  - vendor/lib/vendor.qti.hardware.bluetooth_sar@1.0.so
  - vendor/lib/vendor.qti.hardware.btconfigstore@1.0.so
  - vendor/lib/vendor.qti.hardware.cacert@1.0.so
  - vendor/lib/vendor.qti.hardware.capabilityconfigstore@1.0.so
  - vendor/lib/vendor.qti.hardware.cryptfshw@1.0.so
  - vendor/lib/vendor.qti.hardware.cvp@1.0-halimpl.so
  - vendor/lib/vendor.qti.hardware.cvp@1.0.so
  - vendor/lib/vendor.qti.hardware.data.cne.internal.api@1.0.so
  - vendor/lib/vendor.qti.hardware.data.cne.internal.constants@1.0.so
  - vendor/lib/vendor.qti.hardware.data.cne.internal.server@1.0.so
  - vendor/lib/vendor.qti.hardware.data.connection@1.0.so
  - vendor/lib/vendor.qti.hardware.data.connection@1.1.so
  - vendor/lib/vendor.qti.hardware.data.dynamicdds@1.0.so
  - vendor/lib/vendor.qti.hardware.data.latency@1.0.so
  - vendor/lib/vendor.qti.hardware.data.qmi@1.0.so
  - vendor/lib/vendor.qti.hardware.fm@1.0.so
  - vendor/lib/vendor.qti.hardware.iop@1.0.so
  - vendor/lib/vendor.qti.hardware.iop@2.0.so
  - vendor/lib/vendor.qti.hardware.perf@2.0.so
  - vendor/lib/vendor.qti.hardware.qdutils_disp@1.0.so
  - vendor/lib/vendor.qti.hardware.qteeconnector@1.0.so
  - vendor/lib/vendor.qti.hardware.radio.am@1.0.so
  - vendor/lib/vendor.qti.hardware.radio.atcmdfwd@1.0.so
  - vendor/lib/vendor.qti.hardware.radio.ims@1.0.so
  - vendor/lib/vendor.qti.hardware.radio.ims@1.1.so
  - vendor/lib/vendor.qti.hardware.radio.ims@1.2.so
  - vendor/lib/vendor.qti.hardware.radio.ims@1.3.so
  - vendor/lib/vendor.qti.hardware.radio.ims@1.4.so
  - vendor/lib/vendor.qti.hardware.radio.ims@1.5.so
  - vendor/lib/vendor.qti.hardware.radio.ims@1.6.so
  - vendor/lib/vendor.qti.hardware.radio.internal.deviceinfo@1.0.so
  - vendor/lib/vendor.qti.hardware.radio.lpa@1.0.so
  - vendor/lib/vendor.qti.hardware.radio.qcrilhook@1.0.so
  - vendor/lib/vendor.qti.hardware.radio.qtiradio@1.0.so
  - vendor/lib/vendor.qti.hardware.radio.qtiradio@2.0.so
  - vendor/lib/vendor.qti.hardware.radio.qtiradio@2.1.so
  - vendor/lib/vendor.qti.hardware.radio.qtiradio@2.2.so
  - vendor/lib/vendor.qti.hardware.radio.qtiradio@2.3.so
  - vendor/lib/vendor.qti.hardware.radio.qtiradio@2.4.so
  - vendor/lib/vendor.qti.hardware.radio.uim@1.0.so
  - vendor/lib/vendor.qti.hardware.radio.uim@1.1.so
  - vendor/lib/vendor.qti.hardware.radio.uim@1.2.so
  - vendor/lib/vendor.qti.hardware.radio.uim_remote_client@1.0.so
  - vendor/lib/vendor.qti.hardware.radio.uim_remote_client@1.1.so
  - vendor/lib/vendor.qti.hardware.radio.uim_remote_client@1.2.so
  - vendor/lib/vendor.qti.hardware.radio.uim_remote_server@1.0.so
  - vendor/lib/vendor.qti.hardware.sigma_miracast@1.0.so
  - vendor/lib/vendor.qti.hardware.soter@1.0.so
  - vendor/lib/vendor.qti.hardware.tui_comm@1.0.so
  - vendor/lib/vendor.qti.hardware.vpp@1.1.so
  - vendor/lib/vendor.qti.hardware.wifidisplaysession@1.0.so
  - vendor/lib/vendor.qti.hardware.wifidisplaysessionl@1.0-halimpl.so
  - vendor/lib/vendor.qti.ims.callinfo@1.0.so
  - vendor/lib/vendor.qti.ims.rcsconfig@1.0.so
  - vendor/lib/vendor.qti.ims.rcsconfig@1.1.so
  - vendor/lib/vendor.qti.latency@2.0.so
  - vendor/lib/vendor.qti.voiceprint@1.0.so
  - vendor/lib64/btaudio_offload_if.so
  - vendor/lib64/com.qualcomm.qti.ant@1.0.so
  - vendor/lib64/com.qualcomm.qti.dpm.api@1.0.so
  - vendor/lib64/com.qualcomm.qti.uceservice@2.0.so
  - vendor/lib64/com.qualcomm.qti.uceservice@2.1.so
  - vendor/lib64/egl/eglSubDriverAndroid.so
  - vendor/lib64/egl/libEGL_adreno.so
  - vendor/lib64/egl/libGLESv1_CM_adreno.so
  - vendor/lib64/egl/libGLESv2_adreno.so
  - vendor/lib64/egl/libQTapGLES.so
  - vendor/lib64/egl/libq3dtools_adreno.so
  - vendor/lib64/egl/libq3dtools_esx.so
  - vendor/lib64/hw/android.hardware.bluetooth@1.0-impl-qti.so
  - vendor/lib64/hw/android.hardware.gnss@2.0-impl-qti.so
  - vendor/lib64/hw/audio.bluetooth_qti.default.so
  - vendor/lib64/hw/audio.primary.sdm845.so
  - vendor/lib64/hw/com.qualcomm.qti.ant@1.0-impl.so
  - vendor/lib64/hw/power.sdm845.so
  - vendor/lib64/hw/sound_trigger.primary.sdm845.so
  - vendor/lib64/hw/vendor.lge.hardware.bootproperty@1.0-impl.so
  - vendor/lib64/hw/vendor.lge.hardware.property@2.0-impl.so
  - vendor/lib64/hw/vendor.lge.hardware.soi@1.0-impl.so
  - vendor/lib64/hw/vendor.lge.hardware.vss_ims@1.0-impl.so
  - vendor/lib64/hw/vendor.qti.esepowermanager@1.0-impl.so
  - vendor/lib64/hw/vendor.qti.gnss@3.0-impl.so
  - vendor/lib64/hw/vendor.qti.hardware.bluetooth_audio@2.0-impl.so
  - vendor/lib64/hw/vendor.qti.hardware.bluetooth_sar@1.0-impl.so
  - vendor/lib64/hw/vendor.qti.hardware.btconfigstore@1.0-impl.so
  - vendor/lib64/hw/vendor.qti.hardware.capabilityconfigstore@1.0-impl.so
  - vendor/lib64/hw/vendor.qti.hardware.cvp@1.0-impl.so
  - vendor/lib64/hw/vendor.qti.hardware.fm@1.0-impl.so
  - vendor/lib64/hw/vendor.qti.hardware.iop@2.0-impl.so
  - vendor/lib64/hw/vendor.qti.hardware.qteeconnector@1.0-impl.so
  - vendor/lib64/hw/vendor.qti.hardware.soter@1.0-impl.so
  - vendor/lib64/hw/vr.sdm845.so
  - vendor/lib64/hw/vulkan.sdm845.so
  - vendor/lib64/libAlacSwDec.so
  - vendor/lib64/libApeSwDec.so
  - vendor/lib64/libC2D2.so
  - vendor/lib64/libCB.so
  - vendor/lib64/libDxHdcp.so
  - vendor/lib64/libFlacSwDec.so
  - vendor/lib64/libGPTEE_vendor.so
  - vendor/lib64/libI420colorconvert.so
  - vendor/lib64/libMpeg4SwEncoder.so
  - vendor/lib64/libOmxAacDec.so
  - vendor/lib64/libOmxAlacDec.so
  - vendor/lib64/libOmxAlacDecSw.so
  - vendor/lib64/libOmxAmrDec.so
  - vendor/lib64/libOmxAmrwbplusDec.so
  - vendor/lib64/libOmxApeDec.so
  - vendor/lib64/libOmxApeDecSw.so
  - vendor/lib64/libOmxEvrcDec.so
  - vendor/lib64/libOmxG711Dec.so
  - vendor/lib64/libOmxQcelp13Dec.so
  - vendor/lib64/libOmxSwVdec.so
  - vendor/lib64/libOmxSwVencMpeg4.so
  - vendor/lib64/libOmxVpp.so
  - vendor/lib64/libOmxWmaDec.so
  - vendor/lib64/libOpenCL.so
  - vendor/lib64/libQTEEConnector_vendor.so
  - vendor/lib64/libRSDriver_adreno.so
  - vendor/lib64/libSubSystemShutdown.so
  - vendor/lib64/liba2dpoffload.so
  - vendor/lib64/libacdb-fts.so
  - vendor/lib64/libacdbloader.so
  - vendor/lib64/libacdbrtac.so
  - vendor/lib64/libadiertac.so
  - vendor/lib64/libadreno_utils.so
  - vendor/lib64/libadsp_default_listener.so
  - vendor/lib64/libadsprpc.so
  - vendor/lib64/libaoa.so
  - vendor/lib64/libaudcal.so
  - vendor/lib64/libaudio_log_utils.so
  - vendor/lib64/libaudioalsa.so
  - vendor/lib64/libbatching.so
  - vendor/lib64/libbccQTI.so
  - vendor/lib64/libbluetooth_audio_session.so
  - vendor/lib64/libbluetooth_audio_session_qti.so
  - vendor/lib64/libbt-hidlclient.so
  - vendor/lib64/libbtnv.so
  - vendor/lib64/libc2d30_bltlib.so
  - vendor/lib64/libcacertclient.so
  - vendor/lib64/libcdsp_default_listener.so
  - vendor/lib64/libcdsprpc.so
  - vendor/lib64/libcne.so
  - vendor/lib64/libcneapiclient.so
  - vendor/lib64/libcneoplookup.so
  - vendor/lib64/libcneqmiutils.so
  - vendor/lib64/libcomprcapture.so
  - vendor/lib64/libconfigdb.so
  - vendor/lib64/libcryptfshwcommon.so
  - vendor/lib64/libcryptfshwhidl.so
  - vendor/lib64/libcsd-client.so
  - vendor/lib64/libcvp.so
  - vendor/lib64/libcvp_common.so
  - vendor/lib64/libcvp_stub.so
  - vendor/lib64/libcvpcpuRev_skel.so
  - vendor/lib64/libdataitems.so
  - vendor/lib64/libdiag.so
  - vendor/lib64/libdisp-aba.so
  - vendor/lib64/libdisplayqos.so
  - vendor/lib64/libdpmqmihal.so
  - vendor/lib64/libdsi_netctrl.so
  - vendor/lib64/libdsutils.so
  - vendor/lib64/libfastcvopt.so
  - vendor/lib64/libfastrpc_utf_stub.so
  - vendor/lib64/libgcs-calwrapper.so
  - vendor/lib64/libgcs-ipc.so
  - vendor/lib64/libgcs-osal.so
  - vendor/lib64/libgcs.so
  - vendor/lib64/libgdtap.so
  - vendor/lib64/libgeofencing.so
  - vendor/lib64/libgnss.so
  - vendor/lib64/libgnsspps.so
  - vendor/lib64/libgps.utils.so
  - vendor/lib64/libgsl.so
  - vendor/lib64/libhbtpclient.so
  - vendor/lib64/libhbtpdsp.so
  - vendor/lib64/libhbtpfrmwk.so
  - vendor/lib64/libhdmiedid.so
  - vendor/lib64/libhdr_tm.so
  - vendor/lib64/libhexagon_nn_stub.so
  - vendor/lib64/libidl.so
  - vendor/lib64/libizat_client_api.so
  - vendor/lib64/libizat_core.so
  - vendor/lib64/libjnihelper.so
  - vendor/lib64/libjson.so
  - vendor/lib64/liblbs_core.so
  - vendor/lib64/liblgesoi-impl.so
  - vendor/lib64/liblistenjni.so
  - vendor/lib64/liblistensoundmodel2.so
  - vendor/lib64/libllvm-glnext.so
  - vendor/lib64/libllvm-qcom.so
  - vendor/lib64/libloc_api_v02.so
  - vendor/lib64/libloc_core.so
  - vendor/lib64/liblocation_api.so
  - vendor/lib64/liblocationservice.so
  - vendor/lib64/liblocationservice_glue.so
  - vendor/lib64/liblowi_client.so
  - vendor/lib64/liblowi_wifihal.so
  - vendor/lib64/liblqe.so
  - vendor/lib64/libmdmdetect.so
  - vendor/lib64/libmdsprpc.so
  - vendor/lib64/libminksocket.so
  - vendor/lib64/libmiracast.so
  - vendor/lib64/libmm-color-convertor.so
  - vendor/lib64/libmm-hdcpmgr.so
  - vendor/lib64/libmmosal_proprietary.so
  - vendor/lib64/libmmparser_lite_proprietary.so
  - vendor/lib64/libmulawdec.so
  - vendor/lib64/libnetmgr.so
  - vendor/lib64/libnetmgr_common.so
  - vendor/lib64/libnetmgr_nr_fusion.so
  - vendor/lib64/libnetmgr_rmnet_ext.so
  - vendor/lib64/libnlnetmgr.so
  - vendor/lib64/libpatchcodeid_vendor.so
  - vendor/lib64/libpcas_vendor.so
  - vendor/lib64/libpdmapper.so
  - vendor/lib64/libpdnotifier.so
  - vendor/lib64/libperfconfig.so
  - vendor/lib64/libperfgluelayer.so
  - vendor/lib64/libqcci_legacy.so
  - vendor/lib64/libqcmaputils.so
  - vendor/lib64/libqcrilFramework.so
  - vendor/lib64/libqdi.so
  - vendor/lib64/libqdma_file_agent.so
  - vendor/lib64/libqdp.so
  - vendor/lib64/libqmi.so
  - vendor/lib64/libqmi_cci.so
  - vendor/lib64/libqmi_client_helper.so
  - vendor/lib64/libqmi_client_qmux.so
  - vendor/lib64/libqmi_common_so.so
  - vendor/lib64/libqmi_csi.so
  - vendor/lib64/libqmi_encdec.so
  - vendor/lib64/libqmi_wms_client_helper.so
  - vendor/lib64/libqmiservices.so
  - vendor/lib64/libqrtr.so
  - vendor/lib64/libqseed3.so
  - vendor/lib64/libqsocket.so
  - vendor/lib64/libqti-iopd-client.so
  - vendor/lib64/libqti-iopd.so
  - vendor/lib64/libqti-perfd-client.so
  - vendor/lib64/libqti-perfd.so
  - vendor/lib64/libqti-util.so
  - vendor/lib64/libqtigef.so
  - vendor/lib64/libril-qc-hal-qmi.so
  - vendor/lib64/libril-qc-ltedirectdisc.so
  - vendor/lib64/libril-qc-qmi-1.so
  - vendor/lib64/libril-qc-radioconfig.so
  - vendor/lib64/libril-qcril-hook-oem.so
  - vendor/lib64/libril.so
  - vendor/lib64/librilqmiservices.so
  - vendor/lib64/librmnetctl.so
  - vendor/lib64/librs_adreno.so
  - vendor/lib64/librs_adreno_sha1.so
  - vendor/lib64/libscveBlobDescriptor.so
  - vendor/lib64/libscveBlobDescriptor_stub.so
  - vendor/lib64/libscveCommon.so
  - vendor/lib64/libscveCommon_stub.so
  - vendor/lib64/libscveObjectSegmentation.so
  - vendor/lib64/libscveObjectTracker.so
  - vendor/lib64/libscveObjectTracker_stub.so
  - vendor/lib64/libscvePanorama.so
  - vendor/lib64/libscvePanorama_lite.so
  - vendor/lib64/libscveScan3D.so
  - vendor/lib64/libsdedrm.so
  - vendor/lib64/libsdm-color.so
  - vendor/lib64/libsdm-diag.so
  - vendor/lib64/libsdm-disp-vndapis.so
  - vendor/lib64/libsdmextension.so
  - vendor/lib64/libsdsprpc.so
  - vendor/lib64/libsettings.so
  - vendor/lib64/libsndmonitor.so
  - vendor/lib64/libspkrprot.so
  - vendor/lib64/libsubsystem_control.so
  - vendor/lib64/libswvdec.so
  - vendor/lib64/libsysmon_cdsp_skel.so
  - vendor/lib64/libsystem_health_mon.so
  - vendor/lib64/libthermalclient.so
  - vendor/lib64/libtime_genoff.so
  - vendor/lib64/libtinyxml2_1.so
  - vendor/lib64/libuicc_vendor.so
  - vendor/lib64/libvppclient.so
  - vendor/lib64/libvpphcp.so
  - vendor/lib64/libvpphvx.so
  - vendor/lib64/libvpplibrary.so
  - vendor/lib64/libvss_common_idl.so
  - vendor/lib64/libvss_common_iface.so
  - vendor/lib64/libvss_dmi_qcci.so
  - vendor/lib64/libvss_gnss_qcci.so
  - vendor/lib64/libvss_ims_qcci.so
  - vendor/lib64/libvss_nv_idl.so
  - vendor/lib64/libvss_nv_iface.so
  - vendor/lib64/libvss_resim_core.so
  - vendor/lib64/libvss_resim_idl.so
  - vendor/lib64/libvss_resim_iface.so
  - vendor/lib64/libvssims-impl.so
  - vendor/lib64/libwfdhdcpcp.so
  - vendor/lib64/libwms.so
  - vendor/lib64/libwqe.so
  - vendor/lib64/libwvhidl.so
  - vendor/lib64/libxml.so
  - vendor/lib64/libxtadapter.so
  - vendor/lib64/qcrild_librilutils.so
  - vendor/lib64/qtibus.so
  - vendor/lib64/qtimutex.so
  - vendor/lib64/soundfx/libasphere.so
  - vendor/lib64/soundfx/libqcbassboost.so
  - vendor/lib64/soundfx/libqcvirt.so
  - vendor/lib64/soundfx/libshoebox.so
  - vendor/lib64/unnhal-acc-adreno.so
  - vendor/lib64/unnhal-acc-common.so
  - vendor/lib64/unnhal-acc-hvx.so
  - vendor/lib64/vendor.display.color@1.0.so
  - vendor/lib64/vendor.display.color@1.1.so
  - vendor/lib64/vendor.display.color@1.2.so
  - vendor/lib64/vendor.display.postproc@1.0.so
  - vendor/lib64/vendor.lge.hardware.bootproperty@1.0.so
  - vendor/lib64/vendor.lge.hardware.configstore@1.0.so
  - vendor/lib64/vendor.lge.hardware.platform@1.0.so
  - vendor/lib64/vendor.lge.hardware.platform@1.1.so
  - vendor/lib64/vendor.lge.hardware.property@2.0.so
  - vendor/lib64/vendor.lge.hardware.radio@1.0.so
  - vendor/lib64/vendor.lge.hardware.radio@1.1.so
  - vendor/lib64/vendor.lge.hardware.radio@1.2.so
  - vendor/lib64/vendor.lge.hardware.radio@1.3.so
  - vendor/lib64/vendor.lge.hardware.soi@1.0.so
  - vendor/lib64/vendor.lge.hardware.vss_ims@1.0.so
  - vendor/lib64/vendor.qti.data.factory@2.0.so
  - vendor/lib64/vendor.qti.data.factory@2.1.so
  - vendor/lib64/vendor.qti.data.slm@1.0.so
  - vendor/lib64/vendor.qti.esepowermanager@1.0.so
  - vendor/lib64/vendor.qti.gnss@1.0.so
  - vendor/lib64/vendor.qti.gnss@1.1.so
  - vendor/lib64/vendor.qti.gnss@1.2.so
  - vendor/lib64/vendor.qti.gnss@2.0.so
  - vendor/lib64/vendor.qti.gnss@2.1.so
  - vendor/lib64/vendor.qti.gnss@3.0-service.so
  - vendor/lib64/vendor.qti.gnss@3.0.so
  - vendor/lib64/vendor.qti.hardware.alarm@1.0.so
  - vendor/lib64/vendor.qti.hardware.bluetooth_audio@2.0.so
  - vendor/lib64/vendor.qti.hardware.bluetooth_sar@1.0.so
  - vendor/lib64/vendor.qti.hardware.btconfigstore@1.0.so
  - vendor/lib64/vendor.qti.hardware.cacert@1.0.so
  - vendor/lib64/vendor.qti.hardware.capabilityconfigstore@1.0.so
  - vendor/lib64/vendor.qti.hardware.cryptfshw@1.0.so
  - vendor/lib64/vendor.qti.hardware.cvp@1.0-halimpl.so
  - vendor/lib64/vendor.qti.hardware.cvp@1.0.so
  - vendor/lib64/vendor.qti.hardware.data.cne.internal.api@1.0.so
  - vendor/lib64/vendor.qti.hardware.data.cne.internal.constants@1.0.so
  - vendor/lib64/vendor.qti.hardware.data.cne.internal.server@1.0.so
  - vendor/lib64/vendor.qti.hardware.data.connection@1.0.so
  - vendor/lib64/vendor.qti.hardware.data.connection@1.1.so
  - vendor/lib64/vendor.qti.hardware.data.dynamicdds@1.0.so
  - vendor/lib64/vendor.qti.hardware.data.iwlan@1.0.so
  - vendor/lib64/vendor.qti.hardware.data.latency@1.0.so
  - vendor/lib64/vendor.qti.hardware.data.qmi@1.0.so
  - vendor/lib64/vendor.qti.hardware.factory@1.0.so
  - vendor/lib64/vendor.qti.hardware.factory@1.1.so
  - vendor/lib64/vendor.qti.hardware.fm@1.0.so
  - vendor/lib64/vendor.qti.hardware.fstman@1.0.so
  - vendor/lib64/vendor.qti.hardware.iop@1.0.so
  - vendor/lib64/vendor.qti.hardware.iop@2.0.so
  - vendor/lib64/vendor.qti.hardware.perf@2.0.so
  - vendor/lib64/vendor.qti.hardware.qdutils_disp@1.0.so
  - vendor/lib64/vendor.qti.hardware.qteeconnector@1.0.so
  - vendor/lib64/vendor.qti.hardware.radio.am@1.0.so
  - vendor/lib64/vendor.qti.hardware.radio.atcmdfwd@1.0.so
  - vendor/lib64/vendor.qti.hardware.radio.ims@1.0.so
  - vendor/lib64/vendor.qti.hardware.radio.ims@1.1.so
  - vendor/lib64/vendor.qti.hardware.radio.ims@1.2.so
  - vendor/lib64/vendor.qti.hardware.radio.ims@1.3.so
  - vendor/lib64/vendor.qti.hardware.radio.ims@1.4.so
  - vendor/lib64/vendor.qti.hardware.radio.ims@1.5.so
  - vendor/lib64/vendor.qti.hardware.radio.ims@1.6.so
  - vendor/lib64/vendor.qti.hardware.radio.internal.deviceinfo@1.0.so
  - vendor/lib64/vendor.qti.hardware.radio.lpa@1.0.so
  - vendor/lib64/vendor.qti.hardware.radio.qcrilhook@1.0.so
  - vendor/lib64/vendor.qti.hardware.radio.qtiradio@1.0.so
  - vendor/lib64/vendor.qti.hardware.radio.qtiradio@2.0.so
  - vendor/lib64/vendor.qti.hardware.radio.qtiradio@2.1.so
  - vendor/lib64/vendor.qti.hardware.radio.qtiradio@2.2.so
  - vendor/lib64/vendor.qti.hardware.radio.qtiradio@2.3.so
  - vendor/lib64/vendor.qti.hardware.radio.qtiradio@2.4.so
  - vendor/lib64/vendor.qti.hardware.radio.uim@1.0.so
  - vendor/lib64/vendor.qti.hardware.radio.uim@1.1.so
  - vendor/lib64/vendor.qti.hardware.radio.uim@1.2.so
  - vendor/lib64/vendor.qti.hardware.radio.uim_remote_client@1.0.so
  - vendor/lib64/vendor.qti.hardware.radio.uim_remote_client@1.1.so
  - vendor/lib64/vendor.qti.hardware.radio.uim_remote_client@1.2.so
  - vendor/lib64/vendor.qti.hardware.radio.uim_remote_server@1.0.so
  - vendor/lib64/vendor.qti.hardware.sigma_miracast@1.0.so
  - vendor/lib64/vendor.qti.hardware.soter@1.0.so
  - vendor/lib64/vendor.qti.hardware.tui_comm@1.0.so
  - vendor/lib64/vendor.qti.hardware.vpp@1.1.so
  - vendor/lib64/vendor.qti.hardware.wifidisplaysession@1.0.so
  - vendor/lib64/vendor.qti.ims.callinfo@1.0.so
  - vendor/lib64/vendor.qti.ims.rcsconfig@1.0.so
  - vendor/lib64/vendor.qti.ims.rcsconfig@1.1.so
  - vendor/lib64/vendor.qti.latency@2.0.so
  - vendor/lib64/vendor.qti.voiceprint@1.0.so
  - vendor/radio/qcril_database/qcril.db
  - vendor/radio/qcril_database/upgrade/0_initial.sql
  - vendor/radio/qcril_database/upgrade/1_version_intro.sql
  - vendor/radio/qcril_database/upgrade/2_version_add_wps_config.sql
  - vendor/radio/qcril_database/upgrade/3_version_update_wps_config.sql
  - vendor/radio/qcril_database/upgrade/4_version_update_ecc_table.sql
  - vendor/radio/qcril_database/upgrade/5_version_update_ecc_table.sql
  - framework/WfdCommon.jar
  - priv-app/WfdService/WfdService.apk
  - product/app/QtiTelephonyService/QtiTelephonyService.apk
  - product/priv-app/dpmserviceapp/dpmserviceapp.apk
  - product/priv-app/qcrilmsgtunnel/qcrilmsgtunnel.apk
  - vendor/app/CACertService/CACertService.apk
  - vendor/app/CneApp/CneApp.apk
  - vendor/app/TimeService/TimeService.apk
  - vendor/lib/libaudioparsers.so
  - vendor/lib/libplatformconfig.so
  - vendor/lib64/libaudioparsers.so
  - vendor/lib64/libplatformconfig.so
